# JRE version: Java(TM) SE Runtime Environment (8.0_151-b12) (build 1.8.0_151-b12)
# Java VM: Java HotSpot(TM) 64-Bit Server VM (25.151-b12 mixed mode windows-amd64 compressed oops)
Heap:
 PSYoungGen      total 407040K, used 287265K [0x00000000d5f00000, 0x00000000ff480000, 0x0000000100000000)
  eden space 364544K, 67% used [0x00000000d5f00000,0x00000000e4e0b550,0x00000000ec300000)
  from space 42496K, 99% used [0x00000000ec300000,0x00000000eec7cec0,0x00000000eec80000)
  to   space 67584K, 0% used [0x00000000fb280000,0x00000000fb280000,0x00000000ff480000)
 ParOldGen       total 130560K, used 86768K [0x0000000081c00000, 0x0000000089b80000, 0x00000000d5f00000)
  object space 130560K, 66% used [0x0000000081c00000,0x00000000870bc0f8,0x0000000089b80000)
 Metaspace       used 45084K, capacity 45904K, committed 46256K, reserved 1089536K
  class space    used 5260K, capacity 5474K, committed 5552K, reserved 1048576K
GC Heap History (10 events):
Event: 135.566 GC heap before
{Heap before GC invocations=11 (full 2):
 PSYoungGen      total 266240K, used 24545K [0x00000000d5f00000, 0x00000000f1600000, 0x0000000100000000)
  eden space 241664K, 0% used [0x00000000d5f00000,0x00000000d5f00000,0x00000000e4b00000)
  from space 24576K, 99% used [0x00000000e4b00000,0x00000000e62f85f0,0x00000000e6300000)
  to   space 36864K, 0% used [0x00000000ef200000,0x00000000ef200000,0x00000000f1600000)
 ParOldGen       total 59392K, used 59302K [0x0000000081c00000, 0x0000000085600000, 0x00000000d5f00000)
  object space 59392K, 99% used [0x0000000081c00000,0x00000000855e9930,0x0000000085600000)
 Metaspace       used 29781K, capacity 30546K, committed 30640K, reserved 1077248K
  class space    used 3482K, capacity 3724K, committed 3760K, reserved 1048576K
Event: 137.272 GC heap after
Heap after GC invocations=11 (full 2):
 PSYoungGen      total 266240K, used 4354K [0x00000000d5f00000, 0x00000000f1600000, 0x0000000100000000)
  eden space 241664K, 0% used [0x00000000d5f00000,0x00000000d5f00000,0x00000000e4b00000)
  from space 24576K, 17% used [0x00000000e4b00000,0x00000000e4f40958,0x00000000e6300000)
  to   space 36864K, 0% used [0x00000000ef200000,0x00000000ef200000,0x00000000f1600000)
 ParOldGen       total 130560K, used 59034K [0x0000000081c00000, 0x0000000089b80000, 0x00000000d5f00000)
  object space 130560K, 45% used [0x0000000081c00000,0x00000000855a68d0,0x0000000089b80000)
 Metaspace       used 28955K, capacity 29614K, committed 30640K, reserved 1077248K
  class space    used 3364K, capacity 3584K, committed 3760K, reserved 1048576K
}
Event: 147.553 GC heap before
{Heap before GC invocations=12 (full 2):
 PSYoungGen      total 266240K, used 246018K [0x00000000d5f00000, 0x00000000f1600000, 0x0000000100000000)
  eden space 241664K, 100% used [0x00000000d5f00000,0x00000000e4b00000,0x00000000e4b00000)
  from space 24576K, 17% used [0x00000000e4b00000,0x00000000e4f40958,0x00000000e6300000)
  to   space 36864K, 0% used [0x00000000ef200000,0x00000000ef200000,0x00000000f1600000)
 ParOldGen       total 130560K, used 59034K [0x0000000081c00000, 0x0000000089b80000, 0x00000000d5f00000)
  object space 130560K, 45% used [0x0000000081c00000,0x00000000855a68d0,0x0000000089b80000)
 Metaspace       used 28974K, capacity 29628K, committed 30640K, reserved 1077248K
  class space    used 3367K, capacity 3586K, committed 3760K, reserved 1048576K
Event: 147.731 GC heap after
Heap after GC invocations=12 (full 2):
 PSYoungGen      total 367104K, used 36530K [0x00000000d5f00000, 0x00000000f1600000, 0x0000000100000000)
  eden space 330240K, 0% used [0x00000000d5f00000,0x00000000d5f00000,0x00000000ea180000)
  from space 36864K, 99% used [0x00000000ef200000,0x00000000f15aca58,0x00000000f1600000)
  to   space 42496K, 0% used [0x00000000ec300000,0x00000000ec300000,0x00000000eec80000)
 ParOldGen       total 130560K, used 60679K [0x0000000081c00000, 0x0000000089b80000, 0x00000000d5f00000)
  object space 130560K, 46% used [0x0000000081c00000,0x0000000085741dc0,0x0000000089b80000)
 Metaspace       used 28974K, capacity 29628K, committed 30640K, reserved 1077248K
  class space    used 3367K, capacity 3586K, committed 3760K, reserved 1048576K
}
Event: 157.385 GC heap before
{Heap before GC invocations=13 (full 2):
 PSYoungGen      total 367104K, used 366770K [0x00000000d5f00000, 0x00000000f1600000, 0x0000000100000000)
  eden space 330240K, 100% used [0x00000000d5f00000,0x00000000ea180000,0x00000000ea180000)
  from space 36864K, 99% used [0x00000000ef200000,0x00000000f15aca58,0x00000000f1600000)
  to   space 42496K, 0% used [0x00000000ec300000,0x00000000ec300000,0x00000000eec80000)
 ParOldGen       total 130560K, used 60679K [0x0000000081c00000, 0x0000000089b80000, 0x00000000d5f00000)
  object space 130560K, 46% used [0x0000000081c00000,0x0000000085741dc0,0x0000000089b80000)
 Metaspace       used 28978K, capacity 29628K, committed 30640K, reserved 1077248K
  class space    used 3368K, capacity 3586K, committed 3760K, reserved 1048576K
Event: 158.209 GC heap after
Heap after GC invocations=13 (full 2):
 PSYoungGen      total 407040K, used 42465K [0x00000000d5f00000, 0x00000000f9380000, 0x0000000100000000)
  eden space 364544K, 0% used [0x00000000d5f00000,0x00000000d5f00000,0x00000000ec300000)
  from space 42496K, 99% used [0x00000000ec300000,0x00000000eec78708,0x00000000eec80000)
  to   space 53760K, 0% used [0x00000000f5f00000,0x00000000f5f00000,0x00000000f9380000)
 ParOldGen       total 130560K, used 72191K [0x0000000081c00000, 0x0000000089b80000, 0x00000000d5f00000)
  object space 130560K, 55% used [0x0000000081c00000,0x000000008627fdf0,0x0000000089b80000)
 Metaspace       used 28978K, capacity 29628K, committed 30640K, reserved 1077248K
  class space    used 3368K, capacity 3586K, committed 3760K, reserved 1048576K
}
Event: 177.245 GC heap before
{Heap before GC invocations=14 (full 2):
 PSYoungGen      total 407040K, used 407009K [0x00000000d5f00000, 0x00000000f9380000, 0x0000000100000000)
  eden space 364544K, 100% used [0x00000000d5f00000,0x00000000ec300000,0x00000000ec300000)
  from space 42496K, 99% used [0x00000000ec300000,0x00000000eec78708,0x00000000eec80000)
  to   space 53760K, 0% used [0x00000000f5f00000,0x00000000f5f00000,0x00000000f9380000)
 ParOldGen       total 130560K, used 72191K [0x0000000081c00000, 0x0000000089b80000, 0x00000000d5f00000)
  object space 130560K, 55% used [0x0000000081c00000,0x000000008627fdf0,0x0000000089b80000)
 Metaspace       used 29036K, capacity 29692K, committed 30640K, reserved 1077248K
  class space    used 3368K, capacity 3586K, committed 3760K, reserved 1048576K
Event: 178.974 GC heap after
Heap after GC invocations=14 (full 2):
 PSYoungGen      total 418304K, used 51473K [0x00000000d5f00000, 0x00000000f9380000, 0x0000000100000000)
  eden space 364544K, 0% used [0x00000000d5f00000,0x00000000d5f00000,0x00000000ec300000)
  from space 53760K, 95% used [0x00000000f5f00000,0x00000000f9144530,0x00000000f9380000)
  to   space 42496K, 0% used [0x00000000ec300000,0x00000000ec300000,0x00000000eec80000)
 ParOldGen       total 130560K, used 78862K [0x0000000081c00000, 0x0000000089b80000, 0x00000000d5f00000)
  object space 130560K, 60% used [0x0000000081c00000,0x00000000869039e0,0x0000000089b80000)
 Metaspace       used 29036K, capacity 29692K, committed 30640K, reserved 1077248K
  class space    used 3368K, capacity 3586K, committed 3760K, reserved 1048576K
}
Event: 201.149 GC heap before
{Heap before GC invocations=15 (full 2):
 PSYoungGen      total 418304K, used 416017K [0x00000000d5f00000, 0x00000000f9380000, 0x0000000100000000)
  eden space 364544K, 100% used [0x00000000d5f00000,0x00000000ec300000,0x00000000ec300000)
  from space 53760K, 95% used [0x00000000f5f00000,0x00000000f9144530,0x00000000f9380000)
  to   space 42496K, 0% used [0x00000000ec300000,0x00000000ec300000,0x00000000eec80000)
 ParOldGen       total 130560K, used 78862K [0x0000000081c00000, 0x0000000089b80000, 0x00000000d5f00000)
  object space 130560K, 60% used [0x0000000081c00000,0x00000000869039e0,0x0000000089b80000)
 Metaspace       used 29672K, capacity 30272K, committed 30640K, reserved 1077248K
  class space    used 3446K, capacity 3654K, committed 3760K, reserved 1048576K
Event: 204.101 GC heap after
Heap after GC invocations=15 (full 2):
 PSYoungGen      total 407040K, used 42483K [0x00000000d5f00000, 0x00000000ff480000, 0x0000000100000000)
  eden space 364544K, 0% used [0x00000000d5f00000,0x00000000d5f00000,0x00000000ec300000)
  from space 42496K, 99% used [0x00000000ec300000,0x00000000eec7cec0,0x00000000eec80000)
  to   space 67584K, 0% used [0x00000000fb280000,0x00000000fb280000,0x00000000ff480000)
 ParOldGen       total 130560K, used 86768K [0x0000000081c00000, 0x0000000089b80000, 0x00000000d5f00000)
  object space 130560K, 66% used [0x0000000081c00000,0x00000000870bc0f8,0x0000000089b80000)
 Metaspace       used 29672K, capacity 30272K, committed 30640K, reserved 1077248K
  class space    used 3446K, capacity 3654K, committed 3760K, reserved 1048576K
}

