# JRE version: Java(TM) SE Runtime Environment (8.0_151-b12) (build 1.8.0_151-b12)
# Java VM: Java HotSpot(TM) 64-Bit Server VM (25.151-b12 mixed mode windows-amd64 compressed oops)
Heap:
 PSYoungGen      total 420352K, used 394184K [0x00000000d5f00000, 0x00000000fc800000, 0x0000000100000000)
  eden space 365568K, 93% used [0x00000000d5f00000,0x00000000ead24e10,0x00000000ec400000)
  from space 54784K, 94% used [0x00000000ec400000,0x00000000ef6cd2b0,0x00000000ef980000)
  to   space 62976K, 0% used [0x00000000f8a80000,0x00000000f8a80000,0x00000000fc800000)
 ParOldGen       total 149504K, used 78119K [0x0000000081c00000, 0x000000008ae00000, 0x00000000d5f00000)
  object space 149504K, 52% used [0x0000000081c00000,0x0000000086849f70,0x000000008ae00000)
 Metaspace       used 37882K, capacity 38688K, committed 39168K, reserved 1083392K
  class space    used 4338K, capacity 4564K, committed 4608K, reserved 1048576K
GC Heap History (10 events):
Event: 139.679 GC heap before
{Heap before GC invocations=11 (full 1):
 PSYoungGen      total 271872K, used 271859K [0x00000000d5f00000, 0x00000000ebe80000, 0x0000000100000000)
  eden space 257024K, 100% used [0x00000000d5f00000,0x00000000e5a00000,0x00000000e5a00000)
  from space 14848K, 99% used [0x00000000e5a00000,0x00000000e687cf00,0x00000000e6880000)
  to   space 25088K, 0% used [0x00000000ea600000,0x00000000ea600000,0x00000000ebe80000)
 ParOldGen       total 67072K, used 44666K [0x0000000081c00000, 0x0000000085d80000, 0x00000000d5f00000)
  object space 67072K, 66% used [0x0000000081c00000,0x000000008479eb40,0x0000000085d80000)
 Metaspace       used 24281K, capacity 24810K, committed 24960K, reserved 1071104K
  class space    used 2761K, capacity 2937K, committed 2944K, reserved 1048576K
Event: 139.995 GC heap after
Heap after GC invocations=11 (full 1):
 PSYoungGen      total 322560K, used 25058K [0x00000000d5f00000, 0x00000000f0f80000, 0x0000000100000000)
  eden space 297472K, 0% used [0x00000000d5f00000,0x00000000d5f00000,0x00000000e8180000)
  from space 25088K, 99% used [0x00000000ea600000,0x00000000ebe78a58,0x00000000ebe80000)
  to   space 37376K, 0% used [0x00000000e8180000,0x00000000e8180000,0x00000000ea600000)
 ParOldGen       total 67584K, used 67411K [0x0000000081c00000, 0x0000000085e00000, 0x00000000d5f00000)
  object space 67584K, 99% used [0x0000000081c00000,0x0000000085dd4c60,0x0000000085e00000)
 Metaspace       used 24281K, capacity 24810K, committed 24960K, reserved 1071104K
  class space    used 2761K, capacity 2937K, committed 2944K, reserved 1048576K
}
Event: 139.995 GC heap before
{Heap before GC invocations=12 (full 2):
 PSYoungGen      total 322560K, used 25058K [0x00000000d5f00000, 0x00000000f0f80000, 0x0000000100000000)
  eden space 297472K, 0% used [0x00000000d5f00000,0x00000000d5f00000,0x00000000e8180000)
  from space 25088K, 99% used [0x00000000ea600000,0x00000000ebe78a58,0x00000000ebe80000)
  to   space 37376K, 0% used [0x00000000e8180000,0x00000000e8180000,0x00000000ea600000)
 ParOldGen       total 67584K, used 67411K [0x0000000081c00000, 0x0000000085e00000, 0x00000000d5f00000)
  object space 67584K, 99% used [0x0000000081c00000,0x0000000085dd4c60,0x0000000085e00000)
 Metaspace       used 24281K, capacity 24810K, committed 24960K, reserved 1071104K
  class space    used 2761K, capacity 2937K, committed 2944K, reserved 1048576K
Event: 141.733 GC heap after
Heap after GC invocations=12 (full 2):
 PSYoungGen      total 322560K, used 0K [0x00000000d5f00000, 0x00000000f0f80000, 0x0000000100000000)
  eden space 297472K, 0% used [0x00000000d5f00000,0x00000000d5f00000,0x00000000e8180000)
  from space 25088K, 0% used [0x00000000ea600000,0x00000000ea600000,0x00000000ebe80000)
  to   space 37376K, 0% used [0x00000000e8180000,0x00000000e8180000,0x00000000ea600000)
 ParOldGen       total 149504K, used 59631K [0x0000000081c00000, 0x000000008ae00000, 0x00000000d5f00000)
  object space 149504K, 39% used [0x0000000081c00000,0x000000008563bec0,0x000000008ae00000)
 Metaspace       used 24281K, capacity 24810K, committed 24960K, reserved 1071104K
  class space    used 2761K, capacity 2937K, committed 2944K, reserved 1048576K
}
Event: 151.674 GC heap before
{Heap before GC invocations=13 (full 2):
 PSYoungGen      total 322560K, used 297472K [0x00000000d5f00000, 0x00000000f0f80000, 0x0000000100000000)
  eden space 297472K, 100% used [0x00000000d5f00000,0x00000000e8180000,0x00000000e8180000)
  from space 25088K, 0% used [0x00000000ea600000,0x00000000ea600000,0x00000000ebe80000)
  to   space 37376K, 0% used [0x00000000e8180000,0x00000000e8180000,0x00000000ea600000)
 ParOldGen       total 149504K, used 59631K [0x0000000081c00000, 0x000000008ae00000, 0x00000000d5f00000)
  object space 149504K, 39% used [0x0000000081c00000,0x000000008563bec0,0x000000008ae00000)
 Metaspace       used 24288K, capacity 24874K, committed 24960K, reserved 1071104K
  class space    used 2762K, capacity 2937K, committed 2944K, reserved 1048576K
Event: 151.793 GC heap after
Heap after GC invocations=13 (full 2):
 PSYoungGen      total 334848K, used 37359K [0x00000000d5f00000, 0x00000000f2500000, 0x0000000100000000)
  eden space 297472K, 0% used [0x00000000d5f00000,0x00000000d5f00000,0x00000000e8180000)
  from space 37376K, 99% used [0x00000000e8180000,0x00000000ea5fbd38,0x00000000ea600000)
  to   space 44544K, 0% used [0x00000000ef980000,0x00000000ef980000,0x00000000f2500000)
 ParOldGen       total 149504K, used 63670K [0x0000000081c00000, 0x000000008ae00000, 0x00000000d5f00000)
  object space 149504K, 42% used [0x0000000081c00000,0x0000000085a2d910,0x000000008ae00000)
 Metaspace       used 24288K, capacity 24874K, committed 24960K, reserved 1071104K
  class space    used 2762K, capacity 2937K, committed 2944K, reserved 1048576K
}
Event: 157.652 GC heap before
{Heap before GC invocations=14 (full 2):
 PSYoungGen      total 334848K, used 334831K [0x00000000d5f00000, 0x00000000f2500000, 0x0000000100000000)
  eden space 297472K, 100% used [0x00000000d5f00000,0x00000000e8180000,0x00000000e8180000)
  from space 37376K, 99% used [0x00000000e8180000,0x00000000ea5fbd38,0x00000000ea600000)
  to   space 44544K, 0% used [0x00000000ef980000,0x00000000ef980000,0x00000000f2500000)
 ParOldGen       total 149504K, used 63670K [0x0000000081c00000, 0x000000008ae00000, 0x00000000d5f00000)
  object space 149504K, 42% used [0x0000000081c00000,0x0000000085a2d910,0x000000008ae00000)
 Metaspace       used 24292K, capacity 24938K, committed 25216K, reserved 1071104K
  class space    used 2762K, capacity 2937K, committed 2944K, reserved 1048576K
Event: 157.931 GC heap after
Heap after GC invocations=14 (full 2):
 PSYoungGen      total 410112K, used 44542K [0x00000000d5f00000, 0x00000000f4800000, 0x0000000100000000)
  eden space 365568K, 0% used [0x00000000d5f00000,0x00000000d5f00000,0x00000000ec400000)
  from space 44544K, 99% used [0x00000000ef980000,0x00000000f24ff968,0x00000000f2500000)
  to   space 54784K, 0% used [0x00000000ec400000,0x00000000ec400000,0x00000000ef980000)
 ParOldGen       total 149504K, used 72278K [0x0000000081c00000, 0x000000008ae00000, 0x00000000d5f00000)
  object space 149504K, 48% used [0x0000000081c00000,0x0000000086295928,0x000000008ae00000)
 Metaspace       used 24292K, capacity 24938K, committed 25216K, reserved 1071104K
  class space    used 2762K, capacity 2937K, committed 2944K, reserved 1048576K
}
Event: 175.057 GC heap before
{Heap before GC invocations=15 (full 2):
 PSYoungGen      total 410112K, used 410110K [0x00000000d5f00000, 0x00000000f4800000, 0x0000000100000000)
  eden space 365568K, 100% used [0x00000000d5f00000,0x00000000ec400000,0x00000000ec400000)
  from space 44544K, 99% used [0x00000000ef980000,0x00000000f24ff968,0x00000000f2500000)
  to   space 54784K, 0% used [0x00000000ec400000,0x00000000ec400000,0x00000000ef980000)
 ParOldGen       total 149504K, used 72278K [0x0000000081c00000, 0x000000008ae00000, 0x00000000d5f00000)
  object space 149504K, 48% used [0x0000000081c00000,0x0000000086295928,0x000000008ae00000)
 Metaspace       used 24354K, capacity 25002K, committed 25216K, reserved 1071104K
  class space    used 2764K, capacity 2937K, committed 2944K, reserved 1048576K
Event: 176.595 GC heap after
Heap after GC invocations=15 (full 2):
 PSYoungGen      total 420352K, used 52020K [0x00000000d5f00000, 0x00000000fc800000, 0x0000000100000000)
  eden space 365568K, 0% used [0x00000000d5f00000,0x00000000d5f00000,0x00000000ec400000)
  from space 54784K, 94% used [0x00000000ec400000,0x00000000ef6cd2b0,0x00000000ef980000)
  to   space 62976K, 0% used [0x00000000f8a80000,0x00000000f8a80000,0x00000000fc800000)
 ParOldGen       total 149504K, used 78119K [0x0000000081c00000, 0x000000008ae00000, 0x00000000d5f00000)
  object space 149504K, 52% used [0x0000000081c00000,0x0000000086849f70,0x000000008ae00000)
 Metaspace       used 24354K, capacity 25002K, committed 25216K, reserved 1071104K
  class space    used 2764K, capacity 2937K, committed 2944K, reserved 1048576K
}

