# JRE version: Java(TM) SE Runtime Environment (8.0_151-b12) (build 1.8.0_151-b12)
# Java VM: Java HotSpot(TM) 64-Bit Server VM (25.151-b12 mixed mode windows-amd64 compressed oops)
Heap:
 PSYoungGen      total 343552K, used 62688K [0x00000000d5f00000, 0x00000000f0b00000, 0x0000000100000000)
  eden space 304640K, 14% used [0x00000000d5f00000,0x00000000d8b94cf0,0x00000000e8880000)
  from space 38912K, 43% used [0x00000000e8880000,0x00000000e99233a8,0x00000000eae80000)
  to   space 36864K, 0% used [0x00000000ee700000,0x00000000ee700000,0x00000000f0b00000)
 ParOldGen       total 111616K, used 51094K [0x0000000081c00000, 0x0000000088900000, 0x00000000d5f00000)
  object space 111616K, 45% used [0x0000000081c00000,0x0000000084de5a88,0x0000000088900000)
 Metaspace       used 49086K, capacity 49950K, committed 50136K, reserved 1093632K
  class space    used 5612K, capacity 5873K, committed 5888K, reserved 1048576K
GC Heap History (10 events):
Event: 39.685 GC heap before
{Heap before GC invocations=27 (full 1):
 PSYoungGen      total 242176K, used 241082K [0x00000000d5f00000, 0x00000000ea380000, 0x0000000100000000)
  eden space 208896K, 100% used [0x00000000d5f00000,0x00000000e2b00000,0x00000000e2b00000)
  from space 33280K, 96% used [0x00000000e2b00000,0x00000000e4a6eb60,0x00000000e4b80000)
  to   space 37888K, 0% used [0x00000000e7e80000,0x00000000e7e80000,0x00000000ea380000)
 ParOldGen       total 64512K, used 46911K [0x0000000081c00000, 0x0000000085b00000, 0x00000000d5f00000)
  object space 64512K, 72% used [0x0000000081c00000,0x00000000849cff00,0x0000000085b00000)
 Metaspace       used 24289K, capacity 24938K, committed 25216K, reserved 1071104K
  class space    used 2763K, capacity 2937K, committed 2944K, reserved 1048576K
Event: 39.725 GC heap after
Heap after GC invocations=27 (full 1):
 PSYoungGen      total 290816K, used 32325K [0x00000000d5f00000, 0x00000000eaa80000, 0x0000000100000000)
  eden space 252928K, 0% used [0x00000000d5f00000,0x00000000d5f00000,0x00000000e5600000)
  from space 37888K, 85% used [0x00000000e7e80000,0x00000000e9e11780,0x00000000ea380000)
  to   space 41472K, 0% used [0x00000000e5600000,0x00000000e5600000,0x00000000e7e80000)
 ParOldGen       total 64512K, used 51601K [0x0000000081c00000, 0x0000000085b00000, 0x00000000d5f00000)
  object space 64512K, 79% used [0x0000000081c00000,0x0000000084e64420,0x0000000085b00000)
 Metaspace       used 24289K, capacity 24938K, committed 25216K, reserved 1071104K
  class space    used 2763K, capacity 2937K, committed 2944K, reserved 1048576K
}
Event: 49.814 GC heap before
{Heap before GC invocations=28 (full 1):
 PSYoungGen      total 290816K, used 234409K [0x00000000d5f00000, 0x00000000eaa80000, 0x0000000100000000)
  eden space 252928K, 79% used [0x00000000d5f00000,0x00000000e2458de8,0x00000000e5600000)
  from space 37888K, 85% used [0x00000000e7e80000,0x00000000e9e11780,0x00000000ea380000)
  to   space 41472K, 0% used [0x00000000e5600000,0x00000000e5600000,0x00000000e7e80000)
 ParOldGen       total 64512K, used 51601K [0x0000000081c00000, 0x0000000085b00000, 0x00000000d5f00000)
  object space 64512K, 79% used [0x0000000081c00000,0x0000000084e64420,0x0000000085b00000)
 Metaspace       used 34588K, capacity 35246K, committed 35416K, reserved 1081344K
  class space    used 3983K, capacity 4209K, committed 4224K, reserved 1048576K
Event: 49.843 GC heap after
Heap after GC invocations=28 (full 1):
 PSYoungGen      total 294400K, used 12588K [0x00000000d5f00000, 0x00000000ed880000, 0x0000000100000000)
  eden space 252928K, 0% used [0x00000000d5f00000,0x00000000d5f00000,0x00000000e5600000)
  from space 41472K, 30% used [0x00000000e5600000,0x00000000e624b018,0x00000000e7e80000)
  to   space 39936K, 0% used [0x00000000eb180000,0x00000000eb180000,0x00000000ed880000)
 ParOldGen       total 64512K, used 56579K [0x0000000081c00000, 0x0000000085b00000, 0x00000000d5f00000)
  object space 64512K, 87% used [0x0000000081c00000,0x0000000085340ec0,0x0000000085b00000)
 Metaspace       used 34588K, capacity 35246K, committed 35416K, reserved 1081344K
  class space    used 3983K, capacity 4209K, committed 4224K, reserved 1048576K
}
Event: 49.844 GC heap before
{Heap before GC invocations=29 (full 2):
 PSYoungGen      total 294400K, used 12588K [0x00000000d5f00000, 0x00000000ed880000, 0x0000000100000000)
  eden space 252928K, 0% used [0x00000000d5f00000,0x00000000d5f00000,0x00000000e5600000)
  from space 41472K, 30% used [0x00000000e5600000,0x00000000e624b018,0x00000000e7e80000)
  to   space 39936K, 0% used [0x00000000eb180000,0x00000000eb180000,0x00000000ed880000)
 ParOldGen       total 64512K, used 56579K [0x0000000081c00000, 0x0000000085b00000, 0x00000000d5f00000)
  object space 64512K, 87% used [0x0000000081c00000,0x0000000085340ec0,0x0000000085b00000)
 Metaspace       used 34588K, capacity 35246K, committed 35416K, reserved 1081344K
  class space    used 3983K, capacity 4209K, committed 4224K, reserved 1048576K
Event: 50.020 GC heap after
Heap after GC invocations=29 (full 2):
 PSYoungGen      total 294400K, used 0K [0x00000000d5f00000, 0x00000000ed880000, 0x0000000100000000)
  eden space 252928K, 0% used [0x00000000d5f00000,0x00000000d5f00000,0x00000000e5600000)
  from space 41472K, 0% used [0x00000000e5600000,0x00000000e5600000,0x00000000e7e80000)
  to   space 39936K, 0% used [0x00000000eb180000,0x00000000eb180000,0x00000000ed880000)
 ParOldGen       total 111616K, used 45459K [0x0000000081c00000, 0x0000000088900000, 0x00000000d5f00000)
  object space 111616K, 40% used [0x0000000081c00000,0x0000000084864db8,0x0000000088900000)
 Metaspace       used 34588K, capacity 35246K, committed 35416K, reserved 1081344K
  class space    used 3983K, capacity 4209K, committed 4224K, reserved 1048576K
}
Event: 54.826 GC heap before
{Heap before GC invocations=30 (full 2):
 PSYoungGen      total 294400K, used 252928K [0x00000000d5f00000, 0x00000000ed880000, 0x0000000100000000)
  eden space 252928K, 100% used [0x00000000d5f00000,0x00000000e5600000,0x00000000e5600000)
  from space 41472K, 0% used [0x00000000e5600000,0x00000000e5600000,0x00000000e7e80000)
  to   space 39936K, 0% used [0x00000000eb180000,0x00000000eb180000,0x00000000ed880000)
 ParOldGen       total 111616K, used 45459K [0x0000000081c00000, 0x0000000088900000, 0x00000000d5f00000)
  object space 111616K, 40% used [0x0000000081c00000,0x0000000084864db8,0x0000000088900000)
 Metaspace       used 40234K, capacity 40914K, committed 41176K, reserved 1085440K
  class space    used 4627K, capacity 4855K, committed 4864K, reserved 1048576K
Event: 54.844 GC heap after
Heap after GC invocations=30 (full 2):
 PSYoungGen      total 340480K, used 12266K [0x00000000d5f00000, 0x00000000ed480000, 0x0000000100000000)
  eden space 304640K, 0% used [0x00000000d5f00000,0x00000000d5f00000,0x00000000e8880000)
  from space 35840K, 34% used [0x00000000eb180000,0x00000000ebd7aae0,0x00000000ed480000)
  to   space 38912K, 0% used [0x00000000e8880000,0x00000000e8880000,0x00000000eae80000)
 ParOldGen       total 111616K, used 45467K [0x0000000081c00000, 0x0000000088900000, 0x00000000d5f00000)
  object space 111616K, 40% used [0x0000000081c00000,0x0000000084866db8,0x0000000088900000)
 Metaspace       used 40234K, capacity 40914K, committed 41176K, reserved 1085440K
  class space    used 4627K, capacity 4855K, committed 4864K, reserved 1048576K
}
Event: 61.007 GC heap before
{Heap before GC invocations=31 (full 2):
 PSYoungGen      total 340480K, used 316906K [0x00000000d5f00000, 0x00000000ed480000, 0x0000000100000000)
  eden space 304640K, 100% used [0x00000000d5f00000,0x00000000e8880000,0x00000000e8880000)
  from space 35840K, 34% used [0x00000000eb180000,0x00000000ebd7aae0,0x00000000ed480000)
  to   space 38912K, 0% used [0x00000000e8880000,0x00000000e8880000,0x00000000eae80000)
 ParOldGen       total 111616K, used 45467K [0x0000000081c00000, 0x0000000088900000, 0x00000000d5f00000)
  object space 111616K, 40% used [0x0000000081c00000,0x0000000084866db8,0x0000000088900000)
 Metaspace       used 48558K, capacity 49460K, committed 49880K, reserved 1093632K
  class space    used 5556K, capacity 5838K, committed 5888K, reserved 1048576K
Event: 61.054 GC heap after
Heap after GC invocations=31 (full 2):
 PSYoungGen      total 343552K, used 17036K [0x00000000d5f00000, 0x00000000f0b00000, 0x0000000100000000)
  eden space 304640K, 0% used [0x00000000d5f00000,0x00000000d5f00000,0x00000000e8880000)
  from space 38912K, 43% used [0x00000000e8880000,0x00000000e99233a8,0x00000000eae80000)
  to   space 36864K, 0% used [0x00000000ee700000,0x00000000ee700000,0x00000000f0b00000)
 ParOldGen       total 111616K, used 51094K [0x0000000081c00000, 0x0000000088900000, 0x00000000d5f00000)
  object space 111616K, 45% used [0x0000000081c00000,0x0000000084de5a88,0x0000000088900000)
 Metaspace       used 48558K, capacity 49460K, committed 49880K, reserved 1093632K
  class space    used 5556K, capacity 5838K, committed 5888K, reserved 1048576K
}

