# JRE version: Java(TM) SE Runtime Environment (8.0_151-b12) (build 1.8.0_151-b12)
# Java VM: Java HotSpot(TM) 64-Bit Server VM (25.151-b12 mixed mode windows-amd64 compressed oops)
Heap:
 PSYoungGen      total 429568K, used 48354K [0x00000000d5f00000, 0x00000000f3080000, 0x0000000100000000)
  eden space 387584K, 12% used [0x00000000d5f00000,0x00000000d8e38a10,0x00000000ed980000)
  from space 41984K, 0% used [0x00000000f0780000,0x00000000f0780000,0x00000000f3080000)
  to   space 44544K, 0% used [0x00000000ed980000,0x00000000ed980000,0x00000000f0500000)
 ParOldGen       total 111616K, used 42239K [0x0000000081c00000, 0x0000000088900000, 0x00000000d5f00000)
  object space 111616K, 37% used [0x0000000081c00000,0x000000008453ffb0,0x0000000088900000)
 Metaspace       used 43151K, capacity 43840K, committed 44204K, reserved 1087488K
  class space    used 5060K, capacity 5300K, committed 5376K, reserved 1048576K
GC Heap History (10 events):
Event: 103.645 GC heap before
{Heap before GC invocations=23 (full 1):
 PSYoungGen      total 245760K, used 245092K [0x00000000d5f00000, 0x00000000ec480000, 0x0000000100000000)
  eden space 217088K, 100% used [0x00000000d5f00000,0x00000000e3300000,0x00000000e3300000)
  from space 28672K, 97% used [0x00000000e3300000,0x00000000e4e593a0,0x00000000e4f00000)
  to   space 32768K, 0% used [0x00000000ea480000,0x00000000ea480000,0x00000000ec480000)
 ParOldGen       total 63488K, used 51789K [0x0000000081c00000, 0x0000000085a00000, 0x00000000d5f00000)
  object space 63488K, 81% used [0x0000000081c00000,0x0000000084e936b8,0x0000000085a00000)
 Metaspace       used 24374K, capacity 25002K, committed 25216K, reserved 1071104K
  class space    used 2761K, capacity 2937K, committed 2944K, reserved 1048576K
Event: 103.980 GC heap after
Heap after GC invocations=23 (full 1):
 PSYoungGen      total 326656K, used 32757K [0x00000000d5f00000, 0x00000000ed080000, 0x0000000100000000)
  eden space 293888K, 0% used [0x00000000d5f00000,0x00000000d5f00000,0x00000000e7e00000)
  from space 32768K, 99% used [0x00000000ea480000,0x00000000ec47d750,0x00000000ec480000)
  to   space 39424K, 0% used [0x00000000e7e00000,0x00000000e7e00000,0x00000000ea480000)
 ParOldGen       total 63488K, used 57471K [0x0000000081c00000, 0x0000000085a00000, 0x00000000d5f00000)
  object space 63488K, 90% used [0x0000000081c00000,0x000000008541ff90,0x0000000085a00000)
 Metaspace       used 24374K, capacity 25002K, committed 25216K, reserved 1071104K
  class space    used 2761K, capacity 2937K, committed 2944K, reserved 1048576K
}
Event: 103.980 GC heap before
{Heap before GC invocations=24 (full 2):
 PSYoungGen      total 326656K, used 32757K [0x00000000d5f00000, 0x00000000ed080000, 0x0000000100000000)
  eden space 293888K, 0% used [0x00000000d5f00000,0x00000000d5f00000,0x00000000e7e00000)
  from space 32768K, 99% used [0x00000000ea480000,0x00000000ec47d750,0x00000000ec480000)
  to   space 39424K, 0% used [0x00000000e7e00000,0x00000000e7e00000,0x00000000ea480000)
 ParOldGen       total 63488K, used 57471K [0x0000000081c00000, 0x0000000085a00000, 0x00000000d5f00000)
  object space 63488K, 90% used [0x0000000081c00000,0x000000008541ff90,0x0000000085a00000)
 Metaspace       used 24374K, capacity 25002K, committed 25216K, reserved 1071104K
  class space    used 2761K, capacity 2937K, committed 2944K, reserved 1048576K
Event: 104.772 GC heap after
Heap after GC invocations=24 (full 2):
 PSYoungGen      total 326656K, used 8229K [0x00000000d5f00000, 0x00000000ed080000, 0x0000000100000000)
  eden space 293888K, 0% used [0x00000000d5f00000,0x00000000d5f00000,0x00000000e7e00000)
  from space 32768K, 25% used [0x00000000ea480000,0x00000000eac89628,0x00000000ec480000)
  to   space 39424K, 0% used [0x00000000e7e00000,0x00000000e7e00000,0x00000000ea480000)
 ParOldGen       total 122880K, used 63057K [0x0000000081c00000, 0x0000000089400000, 0x00000000d5f00000)
  object space 122880K, 51% used [0x0000000081c00000,0x00000000859947d0,0x0000000089400000)
 Metaspace       used 24374K, capacity 25002K, committed 25216K, reserved 1071104K
  class space    used 2761K, capacity 2937K, committed 2944K, reserved 1048576K
}
Event: 113.936 GC heap before
{Heap before GC invocations=25 (full 2):
 PSYoungGen      total 326656K, used 302117K [0x00000000d5f00000, 0x00000000ed080000, 0x0000000100000000)
  eden space 293888K, 100% used [0x00000000d5f00000,0x00000000e7e00000,0x00000000e7e00000)
  from space 32768K, 25% used [0x00000000ea480000,0x00000000eac89628,0x00000000ec480000)
  to   space 39424K, 0% used [0x00000000e7e00000,0x00000000e7e00000,0x00000000ea480000)
 ParOldGen       total 122880K, used 63057K [0x0000000081c00000, 0x0000000089400000, 0x00000000d5f00000)
  object space 122880K, 51% used [0x0000000081c00000,0x00000000859947d0,0x0000000089400000)
 Metaspace       used 24438K, capacity 25066K, committed 25216K, reserved 1071104K
  class space    used 2769K, capacity 2937K, committed 2944K, reserved 1048576K
Event: 113.989 GC heap after
Heap after GC invocations=25 (full 2):
 PSYoungGen      total 333312K, used 39394K [0x00000000d5f00000, 0x00000000f3580000, 0x0000000100000000)
  eden space 293888K, 0% used [0x00000000d5f00000,0x00000000d5f00000,0x00000000e7e00000)
  from space 39424K, 99% used [0x00000000e7e00000,0x00000000ea4789b8,0x00000000ea480000)
  to   space 47104K, 0% used [0x00000000f0780000,0x00000000f0780000,0x00000000f3580000)
 ParOldGen       total 122880K, used 66854K [0x0000000081c00000, 0x0000000089400000, 0x00000000d5f00000)
  object space 122880K, 54% used [0x0000000081c00000,0x0000000085d49a38,0x0000000089400000)
 Metaspace       used 24438K, capacity 25066K, committed 25216K, reserved 1071104K
  class space    used 2769K, capacity 2937K, committed 2944K, reserved 1048576K
}
Event: 175.056 GC heap before
{Heap before GC invocations=26 (full 2):
 PSYoungGen      total 333312K, used 276981K [0x00000000d5f00000, 0x00000000f3580000, 0x0000000100000000)
  eden space 293888K, 80% used [0x00000000d5f00000,0x00000000e4704c58,0x00000000e7e00000)
  from space 39424K, 99% used [0x00000000e7e00000,0x00000000ea4789b8,0x00000000ea480000)
  to   space 47104K, 0% used [0x00000000f0780000,0x00000000f0780000,0x00000000f3580000)
 ParOldGen       total 122880K, used 66854K [0x0000000081c00000, 0x0000000089400000, 0x00000000d5f00000)
  object space 122880K, 54% used [0x0000000081c00000,0x0000000085d49a38,0x0000000089400000)
 Metaspace       used 40985K, capacity 41704K, committed 42028K, reserved 1087488K
  class space    used 4750K, capacity 4976K, committed 4992K, reserved 1048576K
Event: 179.217 GC heap after
Heap after GC invocations=26 (full 2):
 PSYoungGen      total 429568K, used 19746K [0x00000000d5f00000, 0x00000000f3080000, 0x0000000100000000)
  eden space 387584K, 0% used [0x00000000d5f00000,0x00000000d5f00000,0x00000000ed980000)
  from space 41984K, 47% used [0x00000000f0780000,0x00000000f1ac8990,0x00000000f3080000)
  to   space 44544K, 0% used [0x00000000ed980000,0x00000000ed980000,0x00000000f0500000)
 ParOldGen       total 122880K, used 74927K [0x0000000081c00000, 0x0000000089400000, 0x00000000d5f00000)
  object space 122880K, 60% used [0x0000000081c00000,0x000000008652bcc8,0x0000000089400000)
 Metaspace       used 40985K, capacity 41704K, committed 42028K, reserved 1087488K
  class space    used 4750K, capacity 4976K, committed 4992K, reserved 1048576K
}
Event: 179.217 GC heap before
{Heap before GC invocations=27 (full 3):
 PSYoungGen      total 429568K, used 19746K [0x00000000d5f00000, 0x00000000f3080000, 0x0000000100000000)
  eden space 387584K, 0% used [0x00000000d5f00000,0x00000000d5f00000,0x00000000ed980000)
  from space 41984K, 47% used [0x00000000f0780000,0x00000000f1ac8990,0x00000000f3080000)
  to   space 44544K, 0% used [0x00000000ed980000,0x00000000ed980000,0x00000000f0500000)
 ParOldGen       total 122880K, used 74927K [0x0000000081c00000, 0x0000000089400000, 0x00000000d5f00000)
  object space 122880K, 60% used [0x0000000081c00000,0x000000008652bcc8,0x0000000089400000)
 Metaspace       used 40985K, capacity 41704K, committed 42028K, reserved 1087488K
  class space    used 4750K, capacity 4976K, committed 4992K, reserved 1048576K
Event: 181.592 GC heap after
Heap after GC invocations=27 (full 3):
 PSYoungGen      total 429568K, used 0K [0x00000000d5f00000, 0x00000000f3080000, 0x0000000100000000)
  eden space 387584K, 0% used [0x00000000d5f00000,0x00000000d5f00000,0x00000000ed980000)
  from space 41984K, 0% used [0x00000000f0780000,0x00000000f0780000,0x00000000f3080000)
  to   space 44544K, 0% used [0x00000000ed980000,0x00000000ed980000,0x00000000f0500000)
 ParOldGen       total 111616K, used 42239K [0x0000000081c00000, 0x0000000088900000, 0x00000000d5f00000)
  object space 111616K, 37% used [0x0000000081c00000,0x000000008453ffb0,0x0000000088900000)
 Metaspace       used 40985K, capacity 41704K, committed 42028K, reserved 1087488K
  class space    used 4750K, capacity 4976K, committed 4992K, reserved 1048576K
}

